TN:
SF:src/app.js
FN:96,(anonymous_0)
FN:106,(anonymous_1)
FN:125,(anonymous_2)
FN:134,(anonymous_3)
FN:142,(anonymous_4)
FN:150,(anonymous_5)
FN:159,(anonymous_6)
FN:183,(anonymous_7)
FN:199,(anonymous_8)
FNF:9
FNH:0
FNDA:0,(anonymous_0)
FNDA:0,(anonymous_1)
FNDA:0,(anonymous_2)
FNDA:0,(anonymous_3)
FNDA:0,(anonymous_4)
FNDA:0,(anonymous_5)
FNDA:0,(anonymous_6)
FNDA:0,(anonymous_7)
FNDA:0,(anonymous_8)
DA:17,0
DA:18,0
DA:20,0
DA:25,0
DA:61,0
DA:64,0
DA:67,0
DA:74,0
DA:75,0
DA:78,0
DA:79,0
DA:81,0
DA:87,0
DA:88,0
DA:93,0
DA:96,0
DA:97,0
DA:106,0
DA:107,0
DA:125,0
DA:126,0
DA:134,0
DA:135,0
DA:142,0
DA:143,0
DA:150,0
DA:151,0
DA:159,0
DA:160,0
DA:164,0
DA:173,0
DA:183,0
DA:184,0
DA:185,0
DA:191,0
DA:199,0
DA:200,0
DA:202,0
DA:203,0
DA:205,0
LF:40
LH:0
BRDA:68,0,0,0
BRDA:68,0,1,0
BRDA:78,1,0,0
BRDA:78,1,1,0
BRDA:184,2,0,0
BRDA:184,2,1,0
BRDA:184,3,0,0
BRDA:184,3,1,0
BRDA:202,4,0,0
BRDA:202,4,1,0
BRDA:203,5,0,0
BRDA:203,5,1,0
BRDA:206,6,0,0
BRDA:206,6,1,0
BRDA:208,7,0,0
BRDA:208,7,1,0
BRF:16
BRH:0
end_of_record
TN:
SF:src/config/database.js
FN:10,initializeDatabase
FN:37,connectDatabase
FN:59,(anonymous_2)
FN:67,disconnectDatabase
FN:82,checkDatabaseHealth
FN:109,getPrisma
FNF:6
FNH:0
FNDA:0,initializeDatabase
FNDA:0,connectDatabase
FNDA:0,(anonymous_2)
FNDA:0,disconnectDatabase
FNDA:0,checkDatabaseHealth
FNDA:0,getPrisma
DA:4,0
DA:11,0
DA:12,0
DA:15,0
DA:17,0
DA:20,0
DA:24,0
DA:31,0
DA:38,0
DA:40,0
DA:42,0
DA:43,0
DA:44,0
DA:45,0
DA:46,0
DA:48,0
DA:49,0
DA:51,0
DA:52,0
DA:53,0
DA:57,0
DA:58,0
DA:59,0
DA:68,0
DA:69,0
DA:70,0
DA:71,0
DA:72,0
DA:74,0
DA:83,0
DA:84,0
DA:85,0
DA:88,0
DA:89,0
DA:96,0
DA:110,0
DA:111,0
DA:113,0
LF:38
LH:0
BRDA:11,0,0,0
BRDA:11,0,1,0
BRDA:15,1,0,0
BRDA:15,1,1,0
BRDA:20,2,0,0
BRDA:20,2,1,0
BRDA:25,3,0,0
BRDA:25,3,1,0
BRDA:28,4,0,0
BRDA:28,4,1,0
BRDA:37,5,0,0
BRDA:51,6,0,0
BRDA:51,6,1,0
BRDA:68,7,0,0
BRDA:68,7,1,0
BRDA:84,8,0,0
BRDA:84,8,1,0
BRDA:92,9,0,0
BRDA:92,9,1,0
BRDA:110,10,0,0
BRDA:110,10,1,0
BRF:21
BRH:0
end_of_record
TN:
SF:src/config/index.js
FNF:0
FNH:0
DA:3,0
LF:1
LH:0
BRDA:7,0,0,0
BRDA:7,0,1,0
BRDA:8,1,0,0
BRDA:8,1,1,0
BRDA:9,2,0,0
BRDA:9,2,1,0
BRDA:13,3,0,0
BRDA:13,3,1,0
BRDA:20,4,0,0
BRDA:20,4,1,0
BRDA:21,5,0,0
BRDA:21,5,1,0
BRDA:26,6,0,0
BRDA:26,6,1,0
BRDA:27,7,0,0
BRDA:27,7,1,0
BRDA:32,8,0,0
BRDA:32,8,1,0
BRDA:33,9,0,0
BRDA:33,9,1,0
BRDA:39,10,0,0
BRDA:39,10,1,0
BRDA:40,11,0,0
BRDA:40,11,1,0
BRDA:41,12,0,0
BRDA:41,12,1,0
BRDA:42,13,0,0
BRDA:42,13,1,0
BRDA:46,14,0,0
BRDA:46,14,1,0
BRDA:49,15,0,0
BRDA:49,15,1,0
BRDA:52,16,0,0
BRDA:52,16,1,0
BRDA:56,17,0,0
BRDA:56,17,1,0
BRDA:57,18,0,0
BRDA:57,18,1,0
BRF:38
BRH:0
end_of_record
TN:
SF:src/config/redis.js
FN:15,(anonymous_0)
FN:28,initializeRedis
FN:46,(anonymous_2)
FN:51,(anonymous_3)
FN:55,(anonymous_4)
FN:60,(anonymous_5)
FN:65,(anonymous_6)
FN:75,getRedisClient
FN:85,isRedisConnected
FN:92,checkRedisHealth
FN:117,disconnectRedis
FN:138,(anonymous_11)
FN:154,(anonymous_12)
FN:169,(anonymous_13)
FN:184,(anonymous_14)
FN:202,(anonymous_15)
FN:216,(anonymous_16)
FNF:17
FNH:0
FNDA:0,(anonymous_0)
FNDA:0,initializeRedis
FNDA:0,(anonymous_2)
FNDA:0,(anonymous_3)
FNDA:0,(anonymous_4)
FNDA:0,(anonymous_5)
FNDA:0,(anonymous_6)
FNDA:0,getRedisClient
FNDA:0,isRedisConnected
FNDA:0,checkRedisHealth
FNDA:0,disconnectRedis
FNDA:0,(anonymous_11)
FNDA:0,(anonymous_12)
FNDA:0,(anonymous_13)
FNDA:0,(anonymous_14)
FNDA:0,(anonymous_15)
FNDA:0,(anonymous_16)
DA:4,0
DA:5,0
DA:10,0
DA:16,0
DA:17,0
DA:18,0
DA:21,0
DA:29,0
DA:30,0
DA:31,0
DA:34,0
DA:36,0
DA:37,0
DA:38,0
DA:41,0
DA:43,0
DA:46,0
DA:47,0
DA:48,0
DA:51,0
DA:52,0
DA:55,0
DA:56,0
DA:57,0
DA:60,0
DA:61,0
DA:62,0
DA:65,0
DA:66,0
DA:69,0
DA:76,0
DA:77,0
DA:79,0
DA:86,0
DA:93,0
DA:94,0
DA:95,0
DA:98,0
DA:99,0
DA:105,0
DA:118,0
DA:119,0
DA:120,0
DA:121,0
DA:122,0
DA:123,0
DA:125,0
DA:126,0
DA:127,0
DA:128,0
DA:134,0
DA:139,0
DA:141,0
DA:142,0
DA:143,0
DA:144,0
DA:146,0
DA:147,0
DA:155,0
DA:157,0
DA:158,0
DA:159,0
DA:161,0
DA:162,0
DA:170,0
DA:172,0
DA:173,0
DA:174,0
DA:176,0
DA:177,0
DA:185,0
DA:187,0
DA:188,0
DA:189,0
DA:191,0
DA:192,0
DA:194,0
DA:195,0
DA:203,0
DA:205,0
DA:206,0
DA:208,0
DA:209,0
DA:217,0
DA:219,0
DA:220,0
DA:221,0
DA:222,0
DA:223,0
DA:225,0
DA:227,0
DA:228,0
LF:92
LH:0
BRDA:11,0,0,0
BRDA:11,0,1,0
BRDA:12,1,0,0
BRDA:12,1,1,0
BRDA:13,2,0,0
BRDA:13,2,1,0
BRDA:14,3,0,0
BRDA:14,3,1,0
BRDA:16,4,0,0
BRDA:16,4,1,0
BRDA:29,5,0,0
BRDA:29,5,1,0
BRDA:36,6,0,0
BRDA:36,6,1,0
BRDA:76,7,0,0
BRDA:76,7,1,0
BRDA:86,8,0,0
BRDA:86,8,1,0
BRDA:94,9,0,0
BRDA:94,9,1,0
BRDA:100,10,0,0
BRDA:100,10,1,0
BRDA:118,11,0,0
BRDA:118,11,1,0
BRDA:138,12,0,0
BRDA:139,13,0,0
BRDA:139,13,1,0
BRDA:155,14,0,0
BRDA:155,14,1,0
BRDA:159,15,0,0
BRDA:159,15,1,0
BRDA:170,16,0,0
BRDA:170,16,1,0
BRDA:185,17,0,0
BRDA:185,17,1,0
BRDA:189,18,0,0
BRDA:189,18,1,0
BRDA:202,19,0,0
BRDA:203,20,0,0
BRDA:203,20,1,0
BRDA:216,21,0,0
BRDA:216,22,0,0
BRDA:217,23,0,0
BRDA:217,23,1,0
BRDA:221,24,0,0
BRDA:221,24,1,0
BRF:46
BRH:0
end_of_record
TN:
SF:src/controllers/admin.controller.js
FN:15,(anonymous_0)
FN:85,(anonymous_1)
FN:152,(anonymous_2)
FN:213,(anonymous_3)
FN:264,(anonymous_4)
FN:300,(anonymous_5)
FN:361,(anonymous_6)
FN:421,(anonymous_7)
FN:440,(anonymous_8)
FN:445,(anonymous_9)
FNF:10
FNH:0
FNDA:0,(anonymous_0)
FNDA:0,(anonymous_1)
FNDA:0,(anonymous_2)
FNDA:0,(anonymous_3)
FNDA:0,(anonymous_4)
FNDA:0,(anonymous_5)
FNDA:0,(anonymous_6)
FNDA:0,(anonymous_7)
FNDA:0,(anonymous_8)
FNDA:0,(anonymous_9)
DA:3,0
DA:10,0
DA:16,0
DA:17,0
DA:19,0
DA:20,0
DA:22,0
DA:24,0
DA:25,0
DA:28,0
DA:29,0
DA:32,0
DA:33,0
DA:40,0
DA:60,0
DA:73,0
DA:74,0
DA:86,0
DA:87,0
DA:90,0
DA:91,0
DA:98,0
DA:99,0
DA:100,0
DA:102,0
DA:103,0
DA:106,0
DA:107,0
DA:108,0
DA:112,0
DA:134,0
DA:140,0
DA:141,0
DA:153,0
DA:154,0
DA:156,0
DA:189,0
DA:190,0
DA:196,0
DA:201,0
DA:202,0
DA:214,0
DA:215,0
DA:216,0
DA:218,0
DA:219,0
DA:220,0
DA:221,0
DA:222,0
DA:223,0
DA:224,0
DA:225,0
DA:227,0
DA:240,0
DA:246,0
DA:247,0
DA:248,0
DA:253,0
DA:265,0
DA:266,0
DA:267,0
DA:269,0
DA:271,0
DA:276,0
DA:282,0
DA:283,0
DA:284,0
DA:289,0
DA:301,0
DA:302,0
DA:305,0
DA:318,0
DA:319,0
DA:326,0
DA:327,0
DA:334,0
DA:338,0
DA:343,0
DA:344,0
DA:345,0
DA:350,0
DA:362,0
DA:372,0
DA:395,0
DA:401,0
DA:402,0
DA:404,0
DA:413,0
DA:414,0
DA:415,0
DA:416,0
DA:417,0
DA:418,0
DA:421,0
DA:422,0
DA:423,0
DA:424,0
DA:428,0
DA:441,0
DA:442,0
DA:445,0
DA:452,0
DA:453,0
LF:103
LH:0
BRDA:17,0,0,0
BRDA:17,1,0,0
BRDA:24,2,0,0
BRDA:24,2,1,0
BRDA:28,3,0,0
BRDA:28,3,1,0
BRDA:32,4,0,0
BRDA:32,4,1,0
BRDA:90,5,0,0
BRDA:90,5,1,0
BRDA:90,6,0,0
BRDA:90,6,1,0
BRDA:106,7,0,0
BRDA:106,7,1,0
BRDA:117,8,0,0
BRDA:117,8,1,0
BRDA:118,9,0,0
BRDA:118,9,1,0
BRDA:120,10,0,0
BRDA:120,10,1,0
BRDA:121,11,0,0
BRDA:121,11,1,0
BRDA:189,12,0,0
BRDA:189,12,1,0
BRDA:219,13,0,0
BRDA:219,13,1,0
BRDA:220,14,0,0
BRDA:220,14,1,0
BRDA:221,15,0,0
BRDA:221,15,1,0
BRDA:222,16,0,0
BRDA:222,16,1,0
BRDA:223,17,0,0
BRDA:223,17,1,0
BRDA:224,18,0,0
BRDA:224,18,1,0
BRDA:225,19,0,0
BRDA:225,19,1,0
BRDA:247,20,0,0
BRDA:247,20,1,0
BRDA:269,21,0,0
BRDA:269,21,1,0
BRDA:279,22,0,0
BRDA:279,22,1,0
BRDA:283,23,0,0
BRDA:283,23,1,0
BRDA:318,24,0,0
BRDA:318,24,1,0
BRDA:326,25,0,0
BRDA:326,25,1,0
BRDA:326,26,0,0
BRDA:326,26,1,0
BRDA:344,27,0,0
BRDA:344,27,1,0
BRDA:423,28,0,0
BRDA:423,28,1,0
BRF:56
BRH:0
end_of_record
TN:
SF:src/controllers/auth.controller.js
FN:19,(anonymous_0)
FN:104,(anonymous_1)
FN:163,(anonymous_2)
FN:196,(anonymous_3)
FN:229,(anonymous_4)
FNF:5
FNH:0
FNDA:0,(anonymous_0)
FNDA:0,(anonymous_1)
FNDA:0,(anonymous_2)
FNDA:0,(anonymous_3)
FNDA:0,(anonymous_4)
DA:5,0
DA:6,0
DA:7,0
DA:14,0
DA:20,0
DA:21,0
DA:23,0
DA:24,0
DA:31,0
DA:36,0
DA:37,0
DA:44,0
DA:46,0
DA:47,0
DA:54,0
DA:55,0
DA:62,0
DA:68,0
DA:79,0
DA:81,0
DA:92,0
DA:93,0
DA:105,0
DA:106,0
DA:109,0
DA:110,0
DA:117,0
DA:121,0
DA:122,0
DA:129,0
DA:132,0
DA:144,0
DA:146,0
DA:151,0
DA:152,0
DA:164,0
DA:165,0
DA:170,0
DA:171,0
DA:177,0
DA:179,0
DA:184,0
DA:185,0
DA:197,0
DA:198,0
DA:200,0
DA:201,0
DA:202,0
DA:204,0
DA:210,0
DA:212,0
DA:217,0
DA:218,0
DA:230,0
DA:231,0
DA:233,0
DA:234,0
DA:241,0
DA:246,0
DA:248,0
DA:249,0
DA:256,0
DA:259,0
DA:264,0
DA:269,0
DA:270,0
LF:66
LH:0
BRDA:6,0,0,0
BRDA:6,0,1,0
BRDA:7,1,0,0
BRDA:7,1,1,0
BRDA:23,2,0,0
BRDA:23,2,1,0
BRDA:23,3,0,0
BRDA:23,3,1,0
BRDA:36,4,0,0
BRDA:36,4,1,0
BRDA:46,5,0,0
BRDA:46,5,1,0
BRDA:54,6,0,0
BRDA:54,6,1,0
BRDA:109,7,0,0
BRDA:109,7,1,0
BRDA:109,8,0,0
BRDA:109,8,1,0
BRDA:109,8,2,0
BRDA:121,9,0,0
BRDA:121,9,1,0
BRDA:137,10,0,0
BRDA:137,10,1,0
BRDA:138,11,0,0
BRDA:138,11,1,0
BRDA:170,12,0,0
BRDA:170,12,1,0
BRDA:201,13,0,0
BRDA:201,13,1,0
BRDA:202,14,0,0
BRDA:202,14,1,0
BRDA:233,15,0,0
BRDA:233,15,1,0
BRDA:233,16,0,0
BRDA:233,16,1,0
BRDA:248,17,0,0
BRDA:248,17,1,0
BRF:37
BRH:0
end_of_record
TN:
SF:src/controllers/product.controller.js
FN:15,(anonymous_0)
FN:91,(anonymous_1)
FN:131,(anonymous_2)
FN:209,(anonymous_3)
FN:295,(anonymous_4)
FN:345,(anonymous_5)
FN:370,(anonymous_6)
FNF:7
FNH:0
FNDA:0,(anonymous_0)
FNDA:0,(anonymous_1)
FNDA:0,(anonymous_2)
FNDA:0,(anonymous_3)
FNDA:0,(anonymous_4)
FNDA:0,(anonymous_5)
FNDA:0,(anonymous_6)
DA:3,0
DA:10,0
DA:16,0
DA:17,0
DA:19,0
DA:20,0
DA:23,0
DA:27,0
DA:28,0
DA:34,0
DA:36,0
DA:37,0
DA:40,0
DA:41,0
DA:44,0
DA:45,0
DA:48,0
DA:49,0
DA:56,0
DA:66,0
DA:79,0
DA:80,0
DA:92,0
DA:93,0
DA:95,0
DA:99,0
DA:100,0
DA:107,0
DA:108,0
DA:114,0
DA:119,0
DA:120,0
DA:132,0
DA:133,0
DA:136,0
DA:137,0
DA:144,0
DA:148,0
DA:149,0
DA:156,0
DA:157,0
DA:166,0
DA:167,0
DA:174,0
DA:191,0
DA:197,0
DA:198,0
DA:210,0
DA:211,0
DA:212,0
DA:215,0
DA:219,0
DA:220,0
DA:227,0
DA:228,0
DA:235,0
DA:236,0
DA:245,0
DA:246,0
DA:253,0
DA:254,0
DA:255,0
DA:256,0
DA:257,0
DA:258,0
DA:259,0
DA:260,0
DA:261,0
DA:262,0
DA:263,0
DA:264,0
DA:266,0
DA:271,0
DA:277,0
DA:278,0
DA:279,0
DA:284,0
DA:296,0
DA:297,0
DA:299,0
DA:303,0
DA:304,0
DA:311,0
DA:312,0
DA:318,0
DA:322,0
DA:327,0
DA:328,0
DA:329,0
DA:334,0
DA:346,0
DA:347,0
DA:351,0
DA:368,0
DA:370,0
DA:376,0
DA:377,0
LF:97
LH:0
BRDA:17,0,0,0
BRDA:17,1,0,0
BRDA:23,2,0,0
BRDA:23,2,1,0
BRDA:24,3,0,0
BRDA:24,3,1,0
BRDA:27,4,0,0
BRDA:27,4,1,0
BRDA:36,5,0,0
BRDA:36,5,1,0
BRDA:40,6,0,0
BRDA:40,6,1,0
BRDA:44,7,0,0
BRDA:44,7,1,0
BRDA:48,8,0,0
BRDA:48,8,1,0
BRDA:99,9,0,0
BRDA:99,9,1,0
BRDA:107,10,0,0
BRDA:107,10,1,0
BRDA:107,11,0,0
BRDA:107,11,1,0
BRDA:136,12,0,0
BRDA:136,12,1,0
BRDA:136,13,0,0
BRDA:136,13,1,0
BRDA:144,14,0,0
BRDA:144,14,1,0
BRDA:145,15,0,0
BRDA:145,15,1,0
BRDA:148,16,0,0
BRDA:148,16,1,0
BRDA:156,17,0,0
BRDA:156,17,1,0
BRDA:166,18,0,0
BRDA:166,18,1,0
BRDA:178,19,0,0
BRDA:178,19,1,0
BRDA:179,20,0,0
BRDA:179,20,1,0
BRDA:181,21,0,0
BRDA:181,21,1,0
BRDA:182,22,0,0
BRDA:182,22,1,0
BRDA:183,23,0,0
BRDA:183,23,1,0
BRDA:184,24,0,0
BRDA:184,24,1,0
BRDA:185,25,0,0
BRDA:185,25,1,0
BRDA:186,26,0,0
BRDA:186,26,1,0
BRDA:187,27,0,0
BRDA:187,27,1,0
BRDA:219,28,0,0
BRDA:219,28,1,0
BRDA:227,29,0,0
BRDA:227,29,1,0
BRDA:227,30,0,0
BRDA:227,30,1,0
BRDA:235,31,0,0
BRDA:235,31,1,0
BRDA:235,32,0,0
BRDA:235,32,1,0
BRDA:245,33,0,0
BRDA:245,33,1,0
BRDA:254,34,0,0
BRDA:254,34,1,0
BRDA:255,35,0,0
BRDA:255,35,1,0
BRDA:256,36,0,0
BRDA:256,36,1,0
BRDA:257,37,0,0
BRDA:257,37,1,0
BRDA:258,38,0,0
BRDA:258,38,1,0
BRDA:258,39,0,0
BRDA:258,39,1,0
BRDA:259,40,0,0
BRDA:259,40,1,0
BRDA:260,41,0,0
BRDA:260,41,1,0
BRDA:261,42,0,0
BRDA:261,42,1,0
BRDA:262,43,0,0
BRDA:262,43,1,0
BRDA:263,44,0,0
BRDA:263,44,1,0
BRDA:264,45,0,0
BRDA:264,45,1,0
BRDA:278,46,0,0
BRDA:278,46,1,0
BRDA:303,47,0,0
BRDA:303,47,1,0
BRDA:311,48,0,0
BRDA:311,48,1,0
BRDA:311,49,0,0
BRDA:311,49,1,0
BRDA:328,50,0,0
BRDA:328,50,1,0
BRDA:347,51,0,0
BRDA:347,51,1,0
BRDA:348,52,0,0
BRDA:348,52,1,0
BRF:104
BRH:0
end_of_record
TN:
SF:src/middleware/auth.js
FN:11,(anonymous_0)
FN:86,(anonymous_1)
FN:87,(anonymous_2)
FN:122,(anonymous_3)
FNF:4
FNH:0
FNDA:0,(anonymous_0)
FNDA:0,(anonymous_1)
FNDA:0,(anonymous_2)
FNDA:0,(anonymous_3)
DA:4,0
DA:5,0
DA:11,0
DA:12,0
DA:14,0
DA:16,0
DA:17,0
DA:23,0
DA:26,0
DA:29,0
DA:34,0
DA:35,0
DA:41,0
DA:42,0
DA:49,0
DA:58,0
DA:60,0
DA:61,0
DA:66,0
DA:67,0
DA:73,0
DA:74,0
DA:86,0
DA:87,0
DA:88,0
DA:89,0
DA:95,0
DA:97,0
DA:98,0
DA:104,0
DA:111,0
DA:116,0
DA:122,0
DA:123,0
DA:124,0
DA:131,0
DA:132,0
DA:136,0
DA:138,0
DA:139,0
DA:146,0
DA:147,0
DA:153,0
DA:154,0
LF:44
LH:0
BRDA:5,0,0,0
BRDA:5,0,1,0
BRDA:16,1,0,0
BRDA:16,1,1,0
BRDA:16,2,0,0
BRDA:16,2,1,0
BRDA:34,3,0,0
BRDA:34,3,1,0
BRDA:41,4,0,0
BRDA:41,4,1,0
BRDA:60,5,0,0
BRDA:60,5,1,0
BRDA:66,6,0,0
BRDA:66,6,1,0
BRDA:88,7,0,0
BRDA:88,7,1,0
BRDA:97,8,0,0
BRDA:97,8,1,0
BRDA:123,9,0,0
BRDA:123,9,1,0
BRDA:131,10,0,0
BRDA:131,10,1,0
BRDA:136,11,0,0
BRDA:136,11,1,0
BRDA:138,12,0,0
BRDA:138,12,1,0
BRDA:138,13,0,0
BRDA:138,13,1,0
BRDA:146,14,0,0
BRDA:146,14,1,0
BRDA:146,15,0,0
BRDA:146,15,1,0
BRDA:153,16,0,0
BRDA:153,16,1,0
BRF:34
BRH:0
end_of_record
TN:
SF:src/middleware/tenant.js
FN:15,identifyTenant
FN:94,checkTenantLimits
FN:126,auditLog
FNF:3
FNH:0
FNDA:0,identifyTenant
FNDA:0,checkTenantLimits
FNDA:0,auditLog
DA:16,0
DA:17,0
DA:18,0
DA:21,0
DA:22,0
DA:25,0
DA:26,0
DA:27,0
DA:30,0
DA:31,0
DA:36,0
DA:37,0
DA:41,0
DA:42,0
DA:50,0
DA:51,0
DA:53,0
DA:56,0
DA:57,0
DA:64,0
DA:65,0
DA:72,0
DA:81,0
DA:83,0
DA:84,0
DA:95,0
DA:96,0
DA:98,0
DA:99,0
DA:102,0
DA:105,0
DA:106,0
DA:114,0
DA:116,0
DA:118,0
DA:119,0
DA:128,0
LF:37
LH:0
BRDA:25,0,0,0
BRDA:25,0,1,0
BRDA:25,1,0,0
BRDA:25,1,1,0
BRDA:26,2,0,0
BRDA:26,2,1,0
BRDA:30,3,0,0
BRDA:30,3,1,0
BRDA:36,4,0,0
BRDA:36,4,1,0
BRDA:36,5,0,0
BRDA:36,5,1,0
BRDA:41,6,0,0
BRDA:41,6,1,0
BRDA:41,7,0,0
BRDA:41,7,1,0
BRDA:50,8,0,0
BRDA:50,8,1,0
BRDA:56,9,0,0
BRDA:56,9,1,0
BRDA:64,10,0,0
BRDA:64,10,1,0
BRDA:98,11,0,0
BRDA:98,11,1,0
BRDA:105,12,0,0
BRDA:105,12,1,0
BRF:26
BRH:0
end_of_record
TN:
SF:src/models/BaseRepository.js
FN:8,(anonymous_0)
FN:16,(anonymous_1)
FN:29,(anonymous_2)
FN:40,(anonymous_3)
FN:53,(anonymous_4)
FN:67,(anonymous_5)
FN:78,(anonymous_6)
FN:91,(anonymous_7)
FNF:8
FNH:0
FNDA:0,(anonymous_0)
FNDA:0,(anonymous_1)
FNDA:0,(anonymous_2)
FNDA:0,(anonymous_3)
FNDA:0,(anonymous_4)
FNDA:0,(anonymous_5)
FNDA:0,(anonymous_6)
FNDA:0,(anonymous_7)
DA:9,0
DA:10,0
DA:17,0
DA:21,0
DA:30,0
DA:34,0
DA:41,0
DA:45,0
DA:54,0
DA:58,0
DA:68,0
DA:72,0
DA:79,0
DA:83,0
DA:92,0
DA:96,0
LF:16
LH:0
BRDA:16,0,0,0
BRDA:17,1,0,0
BRDA:17,1,1,0
BRDA:30,2,0,0
BRDA:30,2,1,0
BRDA:41,3,0,0
BRDA:41,3,1,0
BRDA:54,4,0,0
BRDA:54,4,1,0
BRDA:68,5,0,0
BRDA:68,5,1,0
BRDA:78,6,0,0
BRDA:79,7,0,0
BRDA:79,7,1,0
BRDA:91,8,0,0
BRDA:91,9,0,0
BRDA:91,10,0,0
BRDA:91,11,0,0
BRDA:92,12,0,0
BRDA:92,12,1,0
BRF:20
BRH:0
end_of_record
TN:
SF:src/models/TenantRepository.js
FN:8,createTenantRepository
FN:12,(anonymous_1)
FN:19,(anonymous_2)
FN:32,(anonymous_3)
FN:60,(anonymous_4)
FN:95,(anonymous_5)
FN:105,(anonymous_6)
FNF:7
FNH:0
FNDA:0,createTenantRepository
FNDA:0,(anonymous_1)
FNDA:0,(anonymous_2)
FNDA:0,(anonymous_3)
FNDA:0,(anonymous_4)
FNDA:0,(anonymous_5)
FNDA:0,(anonymous_6)
DA:9,0
DA:13,0
DA:20,0
DA:33,0
DA:61,0
DA:74,0
DA:75,0
DA:78,0
DA:96,0
DA:106,0
DA:108,0
DA:127,0
DA:136,0
LF:13
LH:0
BRDA:74,0,0,0
BRDA:74,0,1,0
BRDA:105,1,0,0
BRDA:105,2,0,0
BRDA:105,3,0,0
BRDA:106,4,0,0
BRDA:106,4,1,0
BRF:7
BRH:0
end_of_record
TN:
SF:src/routes/api.routes.js
FNF:0
FNH:0
DA:7,0
DA:18,0
DA:25,0
DA:36,0
DA:43,0
DA:50,0
DA:61,0
DA:68,0
DA:75,0
DA:82,0
DA:89,0
DA:96,0
DA:103,0
DA:114,0
DA:121,0
DA:128,0
DA:135,0
DA:142,0
DA:149,0
LF:19
LH:0
BRF:0
BRH:0
end_of_record
TN:
SF:src/services/EvolutionApiService.js
FN:9,(anonymous_0)
FN:25,(anonymous_1)
FN:45,(anonymous_2)
FN:58,(anonymous_3)
FN:71,(anonymous_4)
FN:90,(anonymous_5)
FN:111,(anonymous_6)
FN:131,(anonymous_7)
FN:152,(anonymous_8)
FN:160,(anonymous_9)
FN:177,(anonymous_10)
FN:200,(anonymous_11)
FN:213,(anonymous_12)
FN:226,(anonymous_13)
FN:239,(anonymous_14)
FNF:15
FNH:0
FNDA:0,(anonymous_0)
FNDA:0,(anonymous_1)
FNDA:0,(anonymous_2)
FNDA:0,(anonymous_3)
FNDA:0,(anonymous_4)
FNDA:0,(anonymous_5)
FNDA:0,(anonymous_6)
FNDA:0,(anonymous_7)
FNDA:0,(anonymous_8)
FNDA:0,(anonymous_9)
FNDA:0,(anonymous_10)
FNDA:0,(anonymous_11)
FNDA:0,(anonymous_12)
FNDA:0,(anonymous_13)
FNDA:0,(anonymous_14)
DA:10,0
DA:11,0
DA:13,0
DA:26,0
DA:27,0
DA:35,0
DA:37,0
DA:38,0
DA:46,0
DA:47,0
DA:48,0
DA:50,0
DA:51,0
DA:59,0
DA:60,0
DA:61,0
DA:63,0
DA:64,0
DA:72,0
DA:73,0
DA:80,0
DA:82,0
DA:83,0
DA:91,0
DA:92,0
DA:101,0
DA:103,0
DA:104,0
DA:112,0
DA:113,0
DA:121,0
DA:123,0
DA:124,0
DA:132,0
DA:133,0
DA:142,0
DA:144,0
DA:145,0
DA:153,0
DA:154,0
DA:160,0
DA:167,0
DA:169,0
DA:170,0
DA:178,0
DA:179,0
DA:190,0
DA:192,0
DA:193,0
DA:201,0
DA:202,0
DA:203,0
DA:205,0
DA:206,0
DA:214,0
DA:215,0
DA:216,0
DA:218,0
DA:219,0
DA:227,0
DA:228,0
DA:229,0
DA:231,0
DA:232,0
DA:240,0
DA:241,0
DA:242,0
DA:244,0
DA:245,0
LF:69
LH:0
BRDA:37,0,0,0
BRDA:37,0,1,0
BRDA:50,1,0,0
BRDA:50,1,1,0
BRDA:63,2,0,0
BRDA:63,2,1,0
BRDA:82,3,0,0
BRDA:82,3,1,0
BRDA:90,4,0,0
BRDA:103,5,0,0
BRDA:103,5,1,0
BRDA:123,6,0,0
BRDA:123,6,1,0
BRDA:144,7,0,0
BRDA:144,7,1,0
BRDA:169,8,0,0
BRDA:169,8,1,0
BRDA:192,9,0,0
BRDA:192,9,1,0
BRDA:205,10,0,0
BRDA:205,10,1,0
BRDA:218,11,0,0
BRDA:218,11,1,0
BRDA:231,12,0,0
BRDA:231,12,1,0
BRDA:244,13,0,0
BRDA:244,13,1,0
BRF:27
BRH:0
end_of_record
